Arguments: 
  C:\Program Files\nodejs\node.exe C:\Users\rafal\AppData\Roaming\npm\node_modules\yarn\bin\yarn.js start

PATH: 
  C:\Program Files\Common Files\Oracle\Java\javapath;C:\Program Files (x86)\Common Files\Oracle\Java\javapath;C:\windows\system32;C:\windows;C:\windows\System32\Wbem;C:\windows\System32\WindowsPowerShell\v1.0\;C:\windows\System32\OpenSSH\;C:\Program Files (x86)\NVIDIA Corporation\PhysX\Common;C:\Program Files\NVIDIA Corporation\NVIDIA NvDLISR;C:\WINDOWS\system32;C:\WINDOWS;C:\WINDOWS\System32\Wbem;C:\WINDOWS\System32\WindowsPowerShell\v1.0\;C:\WINDOWS\System32\OpenSSH\;C:\Program Files\nodejs\;C:\Windows\System32\cmd.exe;C:\Program Files\Git\cmd;D:\Arquivos e Programas\Microsoft VS Code\bin;C:\Program Files\MongoDB\Server\5.0\bin;C:\Users\rafal\AppData\Local\Microsoft\WindowsApps;C:\Users\rafal\AppData\Roaming\npm;C:\Users\rafal\AppData\Local\GitHubDesktop\bin;D:\Arquivos e Programas\Nmap

Yarn version: 
  1.22.18

Node version: 
  16.14.2

Platform: 
  win32 x64

Trace: 
  SyntaxError: D:\Google Driver\Faculdade\05 - Quinto Periodo\Teste de Software\teste_software_backend_tsi_V1\package.json: Unexpected token < in JSON at position 471
      at JSON.parse (<anonymous>)
      at C:\Users\rafal\AppData\Roaming\npm\node_modules\yarn\lib\cli.js:1625:59
      at Generator.next (<anonymous>)
      at step (C:\Users\rafal\AppData\Roaming\npm\node_modules\yarn\lib\cli.js:310:30)
      at C:\Users\rafal\AppData\Roaming\npm\node_modules\yarn\lib\cli.js:321:13

npm manifest: 
  {
    "name": "",
    "version": "1.0.0",
    "description": "",
    "main": "index.js",
    "scripts": {
      "start": "nodemon --exec babel-node ./server.js"
    },
    "keywords": [],
    "author": "Renner Borges",
    "license": "ISC",
    "dependencies": {
      "@babel/core": "^7.17.8",
      "@babel/node": "^7.16.8",
      "@babel/preset-env": "^7.16.11",
      "body-parser": "^1.20.0",
      "cors": "^2.8.5",
      "dotenv": "^16.0.0",
      "express": "^4.17.3",
      "jsonwebtoken": "^8.5.1",
  <<<<<<< Updated upstream
      "moment": "^2.29.3",
  =======
      "mongoose": "^6.3.3",
  >>>>>>> Stashed changes
      "nodemon": "^2.0.15",
      "yup": "^0.32.11"
    },
    "devDependencies": {
      "@babel/plugin-proposal-class-properties": "^7.16.7"
    }
  }

yarn manifest: 
  No manifest

Lockfile: 
  No lockfile
